This file contains any messages produced by compilers while
running configure, to aid debugging if configure makes a mistake.

It was created by CUnit configure 2.1-3, which was
generated by GNU Autoconf 2.72.  Invocation command line was

  $ ./configure --prefix=/Users/jacob.morrison/Masters_Work/CIS_613/cis_613/Project/testing_in_c/cunit/CUnit-2.1-3

## --------- ##
## Platform. ##
## --------- ##

hostname = C02CF4ZDMD6R
uname -m = x86_64
uname -r = 21.6.0
uname -s = Darwin
uname -v = Darwin Kernel Version 21.6.0: Mon Feb 19 20:24:34 PST 2024; root:xnu-8020.240.18.707.4~1/RELEASE_X86_64

/usr/bin/uname -p = i386
/bin/uname -X     = unknown

/bin/arch              = unknown
/usr/bin/arch -k       = unknown
/usr/convex/getsysinfo = unknown
/usr/bin/hostinfo      = Mach kernel version:
	 Darwin Kernel Version 21.6.0: Mon Feb 19 20:24:34 PST 2024; root:xnu-8020.240.18.707.4~1/RELEASE_X86_64
Kernel configured for up to 12 processors.
6 processors are physically available.
12 processors are logically available.
Processor type: x86_64h (Intel x86-64h Haswell)
Processors active: 0 1 2 3 4 5 6 7 8 9 10 11
Primary memory available: 64.00 gigabytes
Default processor set: 645 tasks, 2934 threads, 12 processors
Load average: 3.19, Mach factor: 8.80
/bin/machine           = unknown
/usr/bin/oslevel       = unknown
/bin/universe          = unknown

PATH: /Users/jacob.morrison/.cargo/bin/
PATH: /Users/jacob.morrison/Software/miniconda3/bin/
PATH: /Users/jacob.morrison/Software/miniconda3/condabin/
PATH: /Users/jacob.morrison/Masters_Work/CIS_612/z3/build/
PATH: /Users/jacob.morrison/Library/Python/3.9/bin/
PATH: /Applications/CMake.app/Contents/bin/
PATH: /usr/local/bin/
PATH: /usr/bin/
PATH: /bin/
PATH: /usr/sbin/
PATH: /sbin/


## ----------- ##
## Core tests. ##
## ----------- ##

configure:2415: looking for aux files: config.guess config.sub ltmain.sh compile missing install-sh
configure:2428:  trying ./
configure:2457:   ./config.guess found
configure:2457:   ./config.sub found
configure:2457:   ./ltmain.sh found
configure:2457:   ./compile found
configure:2457:   ./missing found
configure:2439:   ./install-sh found
configure:2587: checking for a BSD-compatible install
configure:2661: result: /usr/bin/install -c
configure:2672: checking whether build environment is sane
configure:2727: result: yes
configure:2888: checking for a race-free mkdir -p
configure:2931: result: mkdir -p
configure:2938: checking for gawk
configure:2974: result: no
configure:2938: checking for mawk
configure:2974: result: no
configure:2938: checking for nawk
configure:2974: result: no
configure:2938: checking for awk
configure:2959: found /usr/bin/awk
configure:2971: result: awk
configure:2982: checking whether make sets $(MAKE)
configure:3006: result: yes
configure:3036: checking whether make supports nested variables
configure:3055: result: yes
configure:3478: checking for gcc
configure:3499: found /usr/bin/gcc
configure:3511: result: gcc
configure:3870: checking for C compiler version
configure:3879: gcc --version >&5
Apple clang version 14.0.0 (clang-1400.0.29.202)
Target: x86_64-apple-darwin21.6.0
Thread model: posix
InstalledDir: /Library/Developer/CommandLineTools/usr/bin
configure:3890: $? = 0
configure:3879: gcc -v >&5
Apple clang version 14.0.0 (clang-1400.0.29.202)
Target: x86_64-apple-darwin21.6.0
Thread model: posix
InstalledDir: /Library/Developer/CommandLineTools/usr/bin
configure:3890: $? = 0
configure:3879: gcc -V >&5
clang: error: argument to '-V' is missing (expected 1 value)
clang: error: no input files
configure:3890: $? = 1
configure:3879: gcc -qversion >&5
clang: error: unknown argument '-qversion'; did you mean '--version'?
clang: error: no input files
configure:3890: $? = 1
configure:3879: gcc -version >&5
clang: error: unknown argument '-version'; did you mean '--version'?
clang: error: no input files
configure:3890: $? = 1
configure:3910: checking whether the C compiler works
configure:3932: gcc  -DRELEASE=@RELEASE@ -Wall -W -pedantic -Wshadow -ansi -I/Users/jacob.morrison/Masters_Work/CIS_613/cis_613/Project/testing_in_c/cunit/CUnit-2.1-3/CUnit/Headers -std=c99   -L/Users/jacob.morrison/Masters_Work/CIS_613/cis_613/Project/testing_in_c/cunit/CUnit-2.1-3/CUnit/Sources conftest.c  >&5
configure:3936: $? = 0
configure:3987: result: yes
configure:3991: checking for C compiler default output file name
configure:3993: result: a.out
configure:3999: checking for suffix of executables
configure:4006: gcc -o conftest  -DRELEASE=@RELEASE@ -Wall -W -pedantic -Wshadow -ansi -I/Users/jacob.morrison/Masters_Work/CIS_613/cis_613/Project/testing_in_c/cunit/CUnit-2.1-3/CUnit/Headers -std=c99   -L/Users/jacob.morrison/Masters_Work/CIS_613/cis_613/Project/testing_in_c/cunit/CUnit-2.1-3/CUnit/Sources conftest.c  >&5
configure:4010: $? = 0
configure:4034: result: 
configure:4058: checking whether we are cross compiling
configure:4066: gcc -o conftest  -DRELEASE=@RELEASE@ -Wall -W -pedantic -Wshadow -ansi -I/Users/jacob.morrison/Masters_Work/CIS_613/cis_613/Project/testing_in_c/cunit/CUnit-2.1-3/CUnit/Headers -std=c99   -L/Users/jacob.morrison/Masters_Work/CIS_613/cis_613/Project/testing_in_c/cunit/CUnit-2.1-3/CUnit/Sources conftest.c  >&5
configure:4070: $? = 0
configure:4077: ./conftest
configure:4081: $? = 0
configure:4096: result: no
configure:4102: checking for suffix of object files
configure:4125: gcc -c  -DRELEASE=@RELEASE@ -Wall -W -pedantic -Wshadow -ansi -I/Users/jacob.morrison/Masters_Work/CIS_613/cis_613/Project/testing_in_c/cunit/CUnit-2.1-3/CUnit/Headers -std=c99  conftest.c >&5
configure:4129: $? = 0
configure:4153: result: o
configure:4157: checking whether the compiler supports GNU C
configure:4177: gcc -c  -DRELEASE=@RELEASE@ -Wall -W -pedantic -Wshadow -ansi -I/Users/jacob.morrison/Masters_Work/CIS_613/cis_613/Project/testing_in_c/cunit/CUnit-2.1-3/CUnit/Headers -std=c99  conftest.c >&5
configure:4177: $? = 0
configure:4189: result: yes
configure:4200: checking whether gcc accepts -g
configure:4221: gcc -c -g  conftest.c >&5
configure:4221: $? = 0
configure:4268: result: yes
configure:4288: checking for gcc option to enable C11 features
configure:4303: gcc  -c  -DRELEASE=@RELEASE@ -Wall -W -pedantic -Wshadow -ansi -I/Users/jacob.morrison/Masters_Work/CIS_613/cis_613/Project/testing_in_c/cunit/CUnit-2.1-3/CUnit/Headers -std=c99  conftest.c >&5
conftest.c:182:3: error: "Compiler does not advertise C11 conformance"
# error "Compiler does not advertise C11 conformance"
  ^
conftest.c:186:6: warning: '_Alignas' is a C11 extension [-Wc11-extensions]
char _Alignas (double) aligned_as_double;
     ^
conftest.c:187:6: warning: '_Alignas' is a C11 extension [-Wc11-extensions]
char _Alignas (0) no_special_alignment;
     ^
conftest.c:189:6: warning: '_Alignas' is a C11 extension [-Wc11-extensions]
char _Alignas (0) _Alignas (int) aligned_as_int;
     ^
conftest.c:189:19: warning: '_Alignas' is a C11 extension [-Wc11-extensions]
char _Alignas (0) _Alignas (int) aligned_as_int;
                  ^
conftest.c:194:19: warning: '_Alignof' is a C11 extension [-Wc11-extensions]
  int_alignment = _Alignof (int),
                  ^
conftest.c:195:25: warning: '_Alignof' is a C11 extension [-Wc11-extensions]
  int_array_alignment = _Alignof (int[100]),
                        ^
conftest.c:196:20: warning: '_Alignof' is a C11 extension [-Wc11-extensions]
  char_alignment = _Alignof (char)
                   ^
conftest.c:198:1: warning: '_Static_assert' is a C11 extension [-Wc11-extensions]
_Static_assert (0 < -_Alignof (int), "_Alignof is signed");
^
conftest.c:198:22: warning: '_Alignof' is a C11 extension [-Wc11-extensions]
_Static_assert (0 < -_Alignof (int), "_Alignof is signed");
                     ^
conftest.c:201:5: warning: '_Noreturn' is a C11 extension [-Wc11-extensions]
int _Noreturn does_not_return (void) { for (;;) continue; }
    ^
conftest.c:207:3: warning: '_Static_assert' is a C11 extension [-Wc11-extensions]
  _Static_assert (sizeof (int) <= sizeof (long int),
  ^
conftest.c:214:29: error: use of undeclared identifier 'syntax'
char const utf8_literal[] = u8"happens to be ASCII" "another string";
                            ^
conftest.c:213:12: note: expanded from macro 'u8'
#define u8 syntax error!
           ^
conftest.c:214:29: error: expected ';' after top level declarator
conftest.c:213:19: note: expanded from macro 'u8'
#define u8 syntax error!
                  ^
conftest.c:218:19: warning: redefinition of typedef 'long_ptr' is a C11 feature [-Wtypedef-redefinition]
typedef long int *long_ptr;
                  ^
conftest.c:217:15: note: previous definition is here
typedef long *long_ptr;
              ^
conftest.c:219:18: warning: redefinition of typedef 'long_ptr' is a C11 feature [-Wtypedef-redefinition]
typedef long_ptr long_ptr;
                 ^
conftest.c:218:19: note: previous definition is here
typedef long int *long_ptr;
                  ^
conftest.c:225:5: warning: anonymous structs are a C11 extension [-Wc11-extensions]
    struct { int i; int j; };
    ^
conftest.c:224:3: warning: anonymous unions are a C11 extension [-Wc11-extensions]
  union {
  ^
conftest.c:280:3: warning: '_Static_assert' is a C11 extension [-Wc11-extensions]
  _Static_assert ((offsetof (struct anonymous, i)
  ^
16 warnings and 3 errors generated.
configure:4303: $? = 1
configure: failed program was:
| /* confdefs.h */
| #define PACKAGE_NAME "CUnit"
| #define PACKAGE_TARNAME "cunit"
| #define PACKAGE_VERSION "2.1-3"
| #define PACKAGE_STRING "CUnit 2.1-3"
| #define PACKAGE_BUGREPORT ""
| #define PACKAGE_URL ""
| #define PACKAGE "CUnit"
| #define VERSION "2.1-3"
| /* end confdefs.h.  */
| 
| /* Does the compiler advertise C89 conformance?
|    Do not test the value of __STDC__, because some compilers set it to 0
|    while being otherwise adequately conformant. */
| #if !defined __STDC__
| # error "Compiler does not advertise C89 conformance"
| #endif
| 
| #include <stddef.h>
| #include <stdarg.h>
| struct stat;
| /* Most of the following tests are stolen from RCS 5.7 src/conf.sh.  */
| struct buf { int x; };
| struct buf * (*rcsopen) (struct buf *, struct stat *, int);
| static char *e (char **p, int i)
| {
|   return p[i];
| }
| static char *f (char * (*g) (char **, int), char **p, ...)
| {
|   char *s;
|   va_list v;
|   va_start (v,p);
|   s = g (p, va_arg (v,int));
|   va_end (v);
|   return s;
| }
| 
| /* C89 style stringification. */
| #define noexpand_stringify(a) #a
| const char *stringified = noexpand_stringify(arbitrary+token=sequence);
| 
| /* C89 style token pasting.  Exercises some of the corner cases that
|    e.g. old MSVC gets wrong, but not very hard. */
| #define noexpand_concat(a,b) a##b
| #define expand_concat(a,b) noexpand_concat(a,b)
| extern int vA;
| extern int vbee;
| #define aye A
| #define bee B
| int *pvA = &expand_concat(v,aye);
| int *pvbee = &noexpand_concat(v,bee);
| 
| /* OSF 4.0 Compaq cc is some sort of almost-ANSI by default.  It has
|    function prototypes and stuff, but not \xHH hex character constants.
|    These do not provoke an error unfortunately, instead are silently treated
|    as an "x".  The following induces an error, until -std is added to get
|    proper ANSI mode.  Curiously \x00 != x always comes out true, for an
|    array size at least.  It is necessary to write \x00 == 0 to get something
|    that is true only with -std.  */
| int osf4_cc_array ['\x00' == 0 ? 1 : -1];
| 
| /* IBM C 6 for AIX is almost-ANSI by default, but it replaces macro parameters
|    inside strings and character constants.  */
| #define FOO(x) 'x'
| int xlc6_cc_array[FOO(a) == 'x' ? 1 : -1];
| 
| int test (int i, double x);
| struct s1 {int (*f) (int a);};
| struct s2 {int (*f) (double a);};
| int pairnames (int, char **, int *(*)(struct buf *, struct stat *, int),
|                int, int);
| 
| /* Does the compiler advertise C99 conformance? */
| #if !defined __STDC_VERSION__ || __STDC_VERSION__ < 199901L
| # error "Compiler does not advertise C99 conformance"
| #endif
| 
| // See if C++-style comments work.
| 
| #include <stdbool.h>
| extern int puts (const char *);
| extern int printf (const char *, ...);
| extern int dprintf (int, const char *, ...);
| extern void *malloc (size_t);
| extern void free (void *);
| 
| // Check varargs macros.  These examples are taken from C99 6.10.3.5.
| // dprintf is used instead of fprintf to avoid needing to declare
| // FILE and stderr.
| #define debug(...) dprintf (2, __VA_ARGS__)
| #define showlist(...) puts (#__VA_ARGS__)
| #define report(test,...) ((test) ? puts (#test) : printf (__VA_ARGS__))
| static void
| test_varargs_macros (void)
| {
|   int x = 1234;
|   int y = 5678;
|   debug ("Flag");
|   debug ("X = %d\n", x);
|   showlist (The first, second, and third items.);
|   report (x>y, "x is %d but y is %d", x, y);
| }
| 
| // Check long long types.
| #define BIG64 18446744073709551615ull
| #define BIG32 4294967295ul
| #define BIG_OK (BIG64 / BIG32 == 4294967297ull && BIG64 % BIG32 == 0)
| #if !BIG_OK
|   #error "your preprocessor is broken"
| #endif
| #if BIG_OK
| #else
|   #error "your preprocessor is broken"
| #endif
| static long long int bignum = -9223372036854775807LL;
| static unsigned long long int ubignum = BIG64;
| 
| struct incomplete_array
| {
|   int datasize;
|   double data[];
| };
| 
| struct named_init {
|   int number;
|   const wchar_t *name;
|   double average;
| };
| 
| typedef const char *ccp;
| 
| static inline int
| test_restrict (ccp restrict text)
| {
|   // Iterate through items via the restricted pointer.
|   // Also check for declarations in for loops.
|   for (unsigned int i = 0; *(text+i) != '\0'; ++i)
|     continue;
|   return 0;
| }
| 
| // Check varargs and va_copy.
| static bool
| test_varargs (const char *format, ...)
| {
|   va_list args;
|   va_start (args, format);
|   va_list args_copy;
|   va_copy (args_copy, args);
| 
|   const char *str = "";
|   int number = 0;
|   float fnumber = 0;
| 
|   while (*format)
|     {
|       switch (*format++)
| 	{
| 	case 's': // string
| 	  str = va_arg (args_copy, const char *);
| 	  break;
| 	case 'd': // int
| 	  number = va_arg (args_copy, int);
| 	  break;
| 	case 'f': // float
| 	  fnumber = va_arg (args_copy, double);
| 	  break;
| 	default:
| 	  break;
| 	}
|     }
|   va_end (args_copy);
|   va_end (args);
| 
|   return *str && number && fnumber;
| }
| 
| 
| /* Does the compiler advertise C11 conformance? */
| #if !defined __STDC_VERSION__ || __STDC_VERSION__ < 201112L
| # error "Compiler does not advertise C11 conformance"
| #endif
| 
| // Check _Alignas.
| char _Alignas (double) aligned_as_double;
| char _Alignas (0) no_special_alignment;
| extern char aligned_as_int;
| char _Alignas (0) _Alignas (int) aligned_as_int;
| 
| // Check _Alignof.
| enum
| {
|   int_alignment = _Alignof (int),
|   int_array_alignment = _Alignof (int[100]),
|   char_alignment = _Alignof (char)
| };
| _Static_assert (0 < -_Alignof (int), "_Alignof is signed");
| 
| // Check _Noreturn.
| int _Noreturn does_not_return (void) { for (;;) continue; }
| 
| // Check _Static_assert.
| struct test_static_assert
| {
|   int x;
|   _Static_assert (sizeof (int) <= sizeof (long int),
|                   "_Static_assert does not work in struct");
|   long int y;
| };
| 
| // Check UTF-8 literals.
| #define u8 syntax error!
| char const utf8_literal[] = u8"happens to be ASCII" "another string";
| 
| // Check duplicate typedefs.
| typedef long *long_ptr;
| typedef long int *long_ptr;
| typedef long_ptr long_ptr;
| 
| // Anonymous structures and unions -- taken from C11 6.7.2.1 Example 1.
| struct anonymous
| {
|   union {
|     struct { int i; int j; };
|     struct { int k; long int l; } w;
|   };
|   int m;
| } v1;
| 
| 
| int
| main (int argc, char **argv)
| {
|   int ok = 0;
|   
| ok |= (argc == 0 || f (e, argv, 0) != argv[0] || f (e, argv, 1) != argv[1]);
| 
|   
|   // Check bool.
|   _Bool success = false;
|   success |= (argc != 0);
| 
|   // Check restrict.
|   if (test_restrict ("String literal") == 0)
|     success = true;
|   char *restrict newvar = "Another string";
| 
|   // Check varargs.
|   success &= test_varargs ("s, d' f .", "string", 65, 34.234);
|   test_varargs_macros ();
| 
|   // Check flexible array members.
|   struct incomplete_array *ia =
|     malloc (sizeof (struct incomplete_array) + (sizeof (double) * 10));
|   ia->datasize = 10;
|   for (int i = 0; i < ia->datasize; ++i)
|     ia->data[i] = i * 1.234;
|   // Work around memory leak warnings.
|   free (ia);
| 
|   // Check named initializers.
|   struct named_init ni = {
|     .number = 34,
|     .name = L"Test wide string",
|     .average = 543.34343,
|   };
| 
|   ni.number = 58;
| 
|   int dynamic_array[ni.number];
|   dynamic_array[0] = argv[0][0];
|   dynamic_array[ni.number - 1] = 543;
| 
|   // work around unused variable warnings
|   ok |= (!success || bignum == 0LL || ubignum == 0uLL || newvar[0] == 'x'
| 	 || dynamic_array[ni.number - 1] != 543);
| 
|   
|   _Static_assert ((offsetof (struct anonymous, i)
| 		   == offsetof (struct anonymous, w.k)),
| 		  "Anonymous union alignment botch");
|   v1.i = 2;
|   v1.w.k = 5;
|   ok |= v1.i != 5;
| 
|   return ok;
| }
| 
configure:4303: gcc -std=gnu11 -c  -DRELEASE=@RELEASE@ -Wall -W -pedantic -Wshadow -ansi -I/Users/jacob.morrison/Masters_Work/CIS_613/cis_613/Project/testing_in_c/cunit/CUnit-2.1-3/CUnit/Headers -std=c99  conftest.c >&5
conftest.c:182:3: error: "Compiler does not advertise C11 conformance"
# error "Compiler does not advertise C11 conformance"
  ^
conftest.c:186:6: warning: '_Alignas' is a C11 extension [-Wc11-extensions]
char _Alignas (double) aligned_as_double;
     ^
conftest.c:187:6: warning: '_Alignas' is a C11 extension [-Wc11-extensions]
char _Alignas (0) no_special_alignment;
     ^
conftest.c:189:6: warning: '_Alignas' is a C11 extension [-Wc11-extensions]
char _Alignas (0) _Alignas (int) aligned_as_int;
     ^
conftest.c:189:19: warning: '_Alignas' is a C11 extension [-Wc11-extensions]
char _Alignas (0) _Alignas (int) aligned_as_int;
                  ^
conftest.c:194:19: warning: '_Alignof' is a C11 extension [-Wc11-extensions]
  int_alignment = _Alignof (int),
                  ^
conftest.c:195:25: warning: '_Alignof' is a C11 extension [-Wc11-extensions]
  int_array_alignment = _Alignof (int[100]),
                        ^
conftest.c:196:20: warning: '_Alignof' is a C11 extension [-Wc11-extensions]
  char_alignment = _Alignof (char)
                   ^
conftest.c:198:1: warning: '_Static_assert' is a C11 extension [-Wc11-extensions]
_Static_assert (0 < -_Alignof (int), "_Alignof is signed");
^
conftest.c:198:22: warning: '_Alignof' is a C11 extension [-Wc11-extensions]
_Static_assert (0 < -_Alignof (int), "_Alignof is signed");
                     ^
conftest.c:201:5: warning: '_Noreturn' is a C11 extension [-Wc11-extensions]
int _Noreturn does_not_return (void) { for (;;) continue; }
    ^
conftest.c:207:3: warning: '_Static_assert' is a C11 extension [-Wc11-extensions]
  _Static_assert (sizeof (int) <= sizeof (long int),
  ^
conftest.c:214:29: error: use of undeclared identifier 'syntax'
char const utf8_literal[] = u8"happens to be ASCII" "another string";
                            ^
conftest.c:213:12: note: expanded from macro 'u8'
#define u8 syntax error!
           ^
conftest.c:214:29: error: expected ';' after top level declarator
conftest.c:213:19: note: expanded from macro 'u8'
#define u8 syntax error!
                  ^
conftest.c:218:19: warning: redefinition of typedef 'long_ptr' is a C11 feature [-Wtypedef-redefinition]
typedef long int *long_ptr;
                  ^
conftest.c:217:15: note: previous definition is here
typedef long *long_ptr;
              ^
conftest.c:219:18: warning: redefinition of typedef 'long_ptr' is a C11 feature [-Wtypedef-redefinition]
typedef long_ptr long_ptr;
                 ^
conftest.c:218:19: note: previous definition is here
typedef long int *long_ptr;
                  ^
conftest.c:225:5: warning: anonymous structs are a C11 extension [-Wc11-extensions]
    struct { int i; int j; };
    ^
conftest.c:224:3: warning: anonymous unions are a C11 extension [-Wc11-extensions]
  union {
  ^
conftest.c:280:3: warning: '_Static_assert' is a C11 extension [-Wc11-extensions]
  _Static_assert ((offsetof (struct anonymous, i)
  ^
16 warnings and 3 errors generated.
configure:4303: $? = 1
configure: failed program was:
| /* confdefs.h */
| #define PACKAGE_NAME "CUnit"
| #define PACKAGE_TARNAME "cunit"
| #define PACKAGE_VERSION "2.1-3"
| #define PACKAGE_STRING "CUnit 2.1-3"
| #define PACKAGE_BUGREPORT ""
| #define PACKAGE_URL ""
| #define PACKAGE "CUnit"
| #define VERSION "2.1-3"
| /* end confdefs.h.  */
| 
| /* Does the compiler advertise C89 conformance?
|    Do not test the value of __STDC__, because some compilers set it to 0
|    while being otherwise adequately conformant. */
| #if !defined __STDC__
| # error "Compiler does not advertise C89 conformance"
| #endif
| 
| #include <stddef.h>
| #include <stdarg.h>
| struct stat;
| /* Most of the following tests are stolen from RCS 5.7 src/conf.sh.  */
| struct buf { int x; };
| struct buf * (*rcsopen) (struct buf *, struct stat *, int);
| static char *e (char **p, int i)
| {
|   return p[i];
| }
| static char *f (char * (*g) (char **, int), char **p, ...)
| {
|   char *s;
|   va_list v;
|   va_start (v,p);
|   s = g (p, va_arg (v,int));
|   va_end (v);
|   return s;
| }
| 
| /* C89 style stringification. */
| #define noexpand_stringify(a) #a
| const char *stringified = noexpand_stringify(arbitrary+token=sequence);
| 
| /* C89 style token pasting.  Exercises some of the corner cases that
|    e.g. old MSVC gets wrong, but not very hard. */
| #define noexpand_concat(a,b) a##b
| #define expand_concat(a,b) noexpand_concat(a,b)
| extern int vA;
| extern int vbee;
| #define aye A
| #define bee B
| int *pvA = &expand_concat(v,aye);
| int *pvbee = &noexpand_concat(v,bee);
| 
| /* OSF 4.0 Compaq cc is some sort of almost-ANSI by default.  It has
|    function prototypes and stuff, but not \xHH hex character constants.
|    These do not provoke an error unfortunately, instead are silently treated
|    as an "x".  The following induces an error, until -std is added to get
|    proper ANSI mode.  Curiously \x00 != x always comes out true, for an
|    array size at least.  It is necessary to write \x00 == 0 to get something
|    that is true only with -std.  */
| int osf4_cc_array ['\x00' == 0 ? 1 : -1];
| 
| /* IBM C 6 for AIX is almost-ANSI by default, but it replaces macro parameters
|    inside strings and character constants.  */
| #define FOO(x) 'x'
| int xlc6_cc_array[FOO(a) == 'x' ? 1 : -1];
| 
| int test (int i, double x);
| struct s1 {int (*f) (int a);};
| struct s2 {int (*f) (double a);};
| int pairnames (int, char **, int *(*)(struct buf *, struct stat *, int),
|                int, int);
| 
| /* Does the compiler advertise C99 conformance? */
| #if !defined __STDC_VERSION__ || __STDC_VERSION__ < 199901L
| # error "Compiler does not advertise C99 conformance"
| #endif
| 
| // See if C++-style comments work.
| 
| #include <stdbool.h>
| extern int puts (const char *);
| extern int printf (const char *, ...);
| extern int dprintf (int, const char *, ...);
| extern void *malloc (size_t);
| extern void free (void *);
| 
| // Check varargs macros.  These examples are taken from C99 6.10.3.5.
| // dprintf is used instead of fprintf to avoid needing to declare
| // FILE and stderr.
| #define debug(...) dprintf (2, __VA_ARGS__)
| #define showlist(...) puts (#__VA_ARGS__)
| #define report(test,...) ((test) ? puts (#test) : printf (__VA_ARGS__))
| static void
| test_varargs_macros (void)
| {
|   int x = 1234;
|   int y = 5678;
|   debug ("Flag");
|   debug ("X = %d\n", x);
|   showlist (The first, second, and third items.);
|   report (x>y, "x is %d but y is %d", x, y);
| }
| 
| // Check long long types.
| #define BIG64 18446744073709551615ull
| #define BIG32 4294967295ul
| #define BIG_OK (BIG64 / BIG32 == 4294967297ull && BIG64 % BIG32 == 0)
| #if !BIG_OK
|   #error "your preprocessor is broken"
| #endif
| #if BIG_OK
| #else
|   #error "your preprocessor is broken"
| #endif
| static long long int bignum = -9223372036854775807LL;
| static unsigned long long int ubignum = BIG64;
| 
| struct incomplete_array
| {
|   int datasize;
|   double data[];
| };
| 
| struct named_init {
|   int number;
|   const wchar_t *name;
|   double average;
| };
| 
| typedef const char *ccp;
| 
| static inline int
| test_restrict (ccp restrict text)
| {
|   // Iterate through items via the restricted pointer.
|   // Also check for declarations in for loops.
|   for (unsigned int i = 0; *(text+i) != '\0'; ++i)
|     continue;
|   return 0;
| }
| 
| // Check varargs and va_copy.
| static bool
| test_varargs (const char *format, ...)
| {
|   va_list args;
|   va_start (args, format);
|   va_list args_copy;
|   va_copy (args_copy, args);
| 
|   const char *str = "";
|   int number = 0;
|   float fnumber = 0;
| 
|   while (*format)
|     {
|       switch (*format++)
| 	{
| 	case 's': // string
| 	  str = va_arg (args_copy, const char *);
| 	  break;
| 	case 'd': // int
| 	  number = va_arg (args_copy, int);
| 	  break;
| 	case 'f': // float
| 	  fnumber = va_arg (args_copy, double);
| 	  break;
| 	default:
| 	  break;
| 	}
|     }
|   va_end (args_copy);
|   va_end (args);
| 
|   return *str && number && fnumber;
| }
| 
| 
| /* Does the compiler advertise C11 conformance? */
| #if !defined __STDC_VERSION__ || __STDC_VERSION__ < 201112L
| # error "Compiler does not advertise C11 conformance"
| #endif
| 
| // Check _Alignas.
| char _Alignas (double) aligned_as_double;
| char _Alignas (0) no_special_alignment;
| extern char aligned_as_int;
| char _Alignas (0) _Alignas (int) aligned_as_int;
| 
| // Check _Alignof.
| enum
| {
|   int_alignment = _Alignof (int),
|   int_array_alignment = _Alignof (int[100]),
|   char_alignment = _Alignof (char)
| };
| _Static_assert (0 < -_Alignof (int), "_Alignof is signed");
| 
| // Check _Noreturn.
| int _Noreturn does_not_return (void) { for (;;) continue; }
| 
| // Check _Static_assert.
| struct test_static_assert
| {
|   int x;
|   _Static_assert (sizeof (int) <= sizeof (long int),
|                   "_Static_assert does not work in struct");
|   long int y;
| };
| 
| // Check UTF-8 literals.
| #define u8 syntax error!
| char const utf8_literal[] = u8"happens to be ASCII" "another string";
| 
| // Check duplicate typedefs.
| typedef long *long_ptr;
| typedef long int *long_ptr;
| typedef long_ptr long_ptr;
| 
| // Anonymous structures and unions -- taken from C11 6.7.2.1 Example 1.
| struct anonymous
| {
|   union {
|     struct { int i; int j; };
|     struct { int k; long int l; } w;
|   };
|   int m;
| } v1;
| 
| 
| int
| main (int argc, char **argv)
| {
|   int ok = 0;
|   
| ok |= (argc == 0 || f (e, argv, 0) != argv[0] || f (e, argv, 1) != argv[1]);
| 
|   
|   // Check bool.
|   _Bool success = false;
|   success |= (argc != 0);
| 
|   // Check restrict.
|   if (test_restrict ("String literal") == 0)
|     success = true;
|   char *restrict newvar = "Another string";
| 
|   // Check varargs.
|   success &= test_varargs ("s, d' f .", "string", 65, 34.234);
|   test_varargs_macros ();
| 
|   // Check flexible array members.
|   struct incomplete_array *ia =
|     malloc (sizeof (struct incomplete_array) + (sizeof (double) * 10));
|   ia->datasize = 10;
|   for (int i = 0; i < ia->datasize; ++i)
|     ia->data[i] = i * 1.234;
|   // Work around memory leak warnings.
|   free (ia);
| 
|   // Check named initializers.
|   struct named_init ni = {
|     .number = 34,
|     .name = L"Test wide string",
|     .average = 543.34343,
|   };
| 
|   ni.number = 58;
| 
|   int dynamic_array[ni.number];
|   dynamic_array[0] = argv[0][0];
|   dynamic_array[ni.number - 1] = 543;
| 
|   // work around unused variable warnings
|   ok |= (!success || bignum == 0LL || ubignum == 0uLL || newvar[0] == 'x'
| 	 || dynamic_array[ni.number - 1] != 543);
| 
|   
|   _Static_assert ((offsetof (struct anonymous, i)
| 		   == offsetof (struct anonymous, w.k)),
| 		  "Anonymous union alignment botch");
|   v1.i = 2;
|   v1.w.k = 5;
|   ok |= v1.i != 5;
| 
|   return ok;
| }
| 
configure:4317: result: unsupported
configure:4337: checking for gcc option to enable C99 features
configure:4352: gcc  -c  -DRELEASE=@RELEASE@ -Wall -W -pedantic -Wshadow -ansi -I/Users/jacob.morrison/Masters_Work/CIS_613/cis_613/Project/testing_in_c/cunit/CUnit-2.1-3/CUnit/Headers -std=c99  conftest.c >&5
configure:4352: $? = 0
configure:4371: result: none needed
configure:4446: checking whether gcc understands -c and -o together
configure:4469: gcc -c conftest.c -o conftest2.o
configure:4472: $? = 0
configure:4469: gcc -c conftest.c -o conftest2.o
configure:4472: $? = 0
configure:4485: result: yes
configure:4505: checking whether make supports the include directive
configure:4520: make -f confmf.GNU && cat confinc.out
this is the am__doit target
configure:4523: $? = 0
configure:4542: result: yes (GNU style)
configure:4568: checking dependency style of gcc
configure:4681: result: gcc3
configure:4697: checking whether make sets $(MAKE)
configure:4721: result: yes
configure:4762: checking build system type
configure:4778: result: x86_64-apple-darwin21.6.0
configure:4798: checking host system type
configure:4813: result: x86_64-apple-darwin21.6.0
configure:4854: checking how to print strings
configure:4881: result: printf
configure:4902: checking for a sed that does not truncate output
configure:4974: result: /usr/bin/sed
configure:4992: checking for grep that handles long lines and -e
configure:5058: result: /usr/bin/grep
configure:5063: checking for egrep
configure:5133: result: /usr/bin/grep -E
configure:5140: checking for fgrep
configure:5210: result: /usr/bin/grep -F
configure:5247: checking for ld used by gcc
configure:5316: result: /Library/Developer/CommandLineTools/usr/bin/ld
configure:5323: checking if the linker (/Library/Developer/CommandLineTools/usr/bin/ld) is GNU ld
configure:5340: result: no
configure:5352: checking for BSD- or MS-compatible name lister (nm)
configure:5408: result: /usr/bin/nm -B
configure:5550: checking the name lister (/usr/bin/nm -B) interface
configure:5558: gcc -c  -DRELEASE=@RELEASE@ -Wall -W -pedantic -Wshadow -ansi -I/Users/jacob.morrison/Masters_Work/CIS_613/cis_613/Project/testing_in_c/cunit/CUnit-2.1-3/CUnit/Headers -std=c99  conftest.c >&5
configure:5561: /usr/bin/nm -B "conftest.o"
configure:5564: output
0000000000000000 S _some_variable
configure:5572: result: BSD nm
configure:5575: checking whether ln -s works
configure:5579: result: yes
configure:5587: checking the maximum length of command line arguments
configure:5720: result: 786432
configure:5768: checking how to convert x86_64-apple-darwin21.6.0 file names to x86_64-apple-darwin21.6.0 format
configure:5810: result: func_convert_file_noop
configure:5817: checking how to convert x86_64-apple-darwin21.6.0 file names to toolchain format
configure:5839: result: func_convert_file_noop
configure:5846: checking for /Library/Developer/CommandLineTools/usr/bin/ld option to reload object files
configure:5855: result: -r
configure:5935: checking for file
configure:5956: found /usr/bin/file
configure:5968: result: file
configure:6045: checking for objdump
configure:6066: found /usr/bin/objdump
configure:6078: result: objdump
configure:6110: checking how to recognize dependent libraries
configure:6312: result: pass_all
configure:6403: checking for dlltool
configure:6439: result: no
configure:6469: checking how to associate runtime and link libraries
configure:6498: result: printf %s\n
configure:6565: checking for ar
configure:6586: found /usr/bin/ar
configure:6598: result: ar
configure:6651: checking for archiver @FILE support
configure:6669: gcc -c  -DRELEASE=@RELEASE@ -Wall -W -pedantic -Wshadow -ansi -I/Users/jacob.morrison/Masters_Work/CIS_613/cis_613/Project/testing_in_c/cunit/CUnit-2.1-3/CUnit/Headers -std=c99  conftest.c >&5
configure:6669: $? = 0
configure:6673: ar cr libconftest.a @conftest.lst >&5
ar: @conftest.lst: No such file or directory
configure:6676: $? = 1
configure:6697: result: no
configure:6761: checking for strip
configure:6782: found /usr/bin/strip
configure:6794: result: strip
configure:6872: checking for ranlib
configure:6893: found /usr/bin/ranlib
configure:6905: result: ranlib
configure:7007: checking command to parse /usr/bin/nm -B output from gcc object
configure:7161: gcc -c  -DRELEASE=@RELEASE@ -Wall -W -pedantic -Wshadow -ansi -I/Users/jacob.morrison/Masters_Work/CIS_613/cis_613/Project/testing_in_c/cunit/CUnit-2.1-3/CUnit/Headers -std=c99  conftest.c >&5
configure:7164: $? = 0
configure:7168: /usr/bin/nm -B conftest.o \| /usr/bin/sed -n -e 's/^.*[ ]\([ABCDGIRSTW][ABCDGIRSTW]*\)[ ][ ]*\([_A-Za-z][_A-Za-z0-9]*\)$/\1 \2 \2/p' | /usr/bin/sed '/ __gnu_lto/d' \> conftest.nm
configure:7171: $? = 0
cannot find nm_test_var in conftest.nm
configure:7161: gcc -c  -DRELEASE=@RELEASE@ -Wall -W -pedantic -Wshadow -ansi -I/Users/jacob.morrison/Masters_Work/CIS_613/cis_613/Project/testing_in_c/cunit/CUnit-2.1-3/CUnit/Headers -std=c99  conftest.c >&5
configure:7164: $? = 0
configure:7168: /usr/bin/nm -B conftest.o \| /usr/bin/sed -n -e 's/^.*[ ]\([ABCDGIRSTW][ABCDGIRSTW]*\)[ ][ ]*_\([_A-Za-z][_A-Za-z0-9]*\)$/\1 _\2 \2/p' | /usr/bin/sed '/ __gnu_lto/d' \> conftest.nm
configure:7171: $? = 0
configure:7237: gcc -o conftest  -DRELEASE=@RELEASE@ -Wall -W -pedantic -Wshadow -ansi -I/Users/jacob.morrison/Masters_Work/CIS_613/cis_613/Project/testing_in_c/cunit/CUnit-2.1-3/CUnit/Headers -std=c99   -L/Users/jacob.morrison/Masters_Work/CIS_613/cis_613/Project/testing_in_c/cunit/CUnit-2.1-3/CUnit/Sources conftest.c conftstm.o >&5
configure:7240: $? = 0
configure:7279: result: ok
configure:7326: checking for sysroot
configure:7358: result: no
configure:7365: checking for a working dd
configure:7410: result: /bin/dd
configure:7414: checking how to truncate binary pipes
configure:7431: result: /bin/dd bs=4096 count=1
configure:7771: checking for mt
configure:7807: result: no
configure:7827: checking if : is a manifest tool
configure:7834: : '-?'
configure:7843: result: no
configure:7905: checking for dsymutil
configure:7926: found /usr/bin/dsymutil
configure:7938: result: dsymutil
configure:8009: checking for nmedit
configure:8030: found /usr/bin/nmedit
configure:8042: result: nmedit
configure:8113: checking for lipo
configure:8134: found /usr/bin/lipo
configure:8146: result: lipo
configure:8217: checking for otool
configure:8238: found /usr/bin/otool
configure:8250: result: otool
configure:8321: checking for otool64
configure:8357: result: no
configure:8402: checking for -single_module linker flag
gcc  -DRELEASE=@RELEASE@ -Wall -W -pedantic -Wshadow -ansi -I/Users/jacob.morrison/Masters_Work/CIS_613/cis_613/Project/testing_in_c/cunit/CUnit-2.1-3/CUnit/Headers -std=c99  -L/Users/jacob.morrison/Masters_Work/CIS_613/cis_613/Project/testing_in_c/cunit/CUnit-2.1-3/CUnit/Sources -o libconftest.dylib -dynamiclib -Wl,-single_module conftest.c
configure:8437: result: yes
configure:8440: checking for -exported_symbols_list linker flag
configure:8461: gcc -o conftest  -DRELEASE=@RELEASE@ -Wall -W -pedantic -Wshadow -ansi -I/Users/jacob.morrison/Masters_Work/CIS_613/cis_613/Project/testing_in_c/cunit/CUnit-2.1-3/CUnit/Headers -std=c99   -L/Users/jacob.morrison/Masters_Work/CIS_613/cis_613/Project/testing_in_c/cunit/CUnit-2.1-3/CUnit/Sources -Wl,-exported_symbols_list,conftest.sym conftest.c  >&5
configure:8461: $? = 0
configure:8474: result: yes
configure:8477: checking for -force_load linker flag
gcc  -DRELEASE=@RELEASE@ -Wall -W -pedantic -Wshadow -ansi -I/Users/jacob.morrison/Masters_Work/CIS_613/cis_613/Project/testing_in_c/cunit/CUnit-2.1-3/CUnit/Headers -std=c99 -c -o conftest.o conftest.c
ar cr libconftest.a conftest.o
ranlib libconftest.a
gcc  -DRELEASE=@RELEASE@ -Wall -W -pedantic -Wshadow -ansi -I/Users/jacob.morrison/Masters_Work/CIS_613/cis_613/Project/testing_in_c/cunit/CUnit-2.1-3/CUnit/Headers -std=c99  -L/Users/jacob.morrison/Masters_Work/CIS_613/cis_613/Project/testing_in_c/cunit/CUnit-2.1-3/CUnit/Sources -o conftest conftest.c -Wl,-force_load,./libconftest.a
configure:8511: result: yes
configure:8582: checking for stdio.h
configure:8582: gcc -c  -DRELEASE=@RELEASE@ -Wall -W -pedantic -Wshadow -ansi -I/Users/jacob.morrison/Masters_Work/CIS_613/cis_613/Project/testing_in_c/cunit/CUnit-2.1-3/CUnit/Headers -std=c99  conftest.c >&5
configure:8582: $? = 0
configure:8582: result: yes
configure:8582: checking for stdlib.h
configure:8582: gcc -c  -DRELEASE=@RELEASE@ -Wall -W -pedantic -Wshadow -ansi -I/Users/jacob.morrison/Masters_Work/CIS_613/cis_613/Project/testing_in_c/cunit/CUnit-2.1-3/CUnit/Headers -std=c99  conftest.c >&5
configure:8582: $? = 0
configure:8582: result: yes
configure:8582: checking for string.h
configure:8582: gcc -c  -DRELEASE=@RELEASE@ -Wall -W -pedantic -Wshadow -ansi -I/Users/jacob.morrison/Masters_Work/CIS_613/cis_613/Project/testing_in_c/cunit/CUnit-2.1-3/CUnit/Headers -std=c99  conftest.c >&5
configure:8582: $? = 0
configure:8582: result: yes
configure:8582: checking for inttypes.h
configure:8582: gcc -c  -DRELEASE=@RELEASE@ -Wall -W -pedantic -Wshadow -ansi -I/Users/jacob.morrison/Masters_Work/CIS_613/cis_613/Project/testing_in_c/cunit/CUnit-2.1-3/CUnit/Headers -std=c99  conftest.c >&5
configure:8582: $? = 0
configure:8582: result: yes
configure:8582: checking for stdint.h
configure:8582: gcc -c  -DRELEASE=@RELEASE@ -Wall -W -pedantic -Wshadow -ansi -I/Users/jacob.morrison/Masters_Work/CIS_613/cis_613/Project/testing_in_c/cunit/CUnit-2.1-3/CUnit/Headers -std=c99  conftest.c >&5
configure:8582: $? = 0
configure:8582: result: yes
configure:8582: checking for strings.h
configure:8582: gcc -c  -DRELEASE=@RELEASE@ -Wall -W -pedantic -Wshadow -ansi -I/Users/jacob.morrison/Masters_Work/CIS_613/cis_613/Project/testing_in_c/cunit/CUnit-2.1-3/CUnit/Headers -std=c99  conftest.c >&5
configure:8582: $? = 0
configure:8582: result: yes
configure:8582: checking for sys/stat.h
configure:8582: gcc -c  -DRELEASE=@RELEASE@ -Wall -W -pedantic -Wshadow -ansi -I/Users/jacob.morrison/Masters_Work/CIS_613/cis_613/Project/testing_in_c/cunit/CUnit-2.1-3/CUnit/Headers -std=c99  conftest.c >&5
configure:8582: $? = 0
configure:8582: result: yes
configure:8582: checking for sys/types.h
configure:8582: gcc -c  -DRELEASE=@RELEASE@ -Wall -W -pedantic -Wshadow -ansi -I/Users/jacob.morrison/Masters_Work/CIS_613/cis_613/Project/testing_in_c/cunit/CUnit-2.1-3/CUnit/Headers -std=c99  conftest.c >&5
configure:8582: $? = 0
configure:8582: result: yes
configure:8582: checking for unistd.h
configure:8582: gcc -c  -DRELEASE=@RELEASE@ -Wall -W -pedantic -Wshadow -ansi -I/Users/jacob.morrison/Masters_Work/CIS_613/cis_613/Project/testing_in_c/cunit/CUnit-2.1-3/CUnit/Headers -std=c99  conftest.c >&5
configure:8582: $? = 0
configure:8582: result: yes
configure:8607: checking for dlfcn.h
configure:8607: gcc -c  -DRELEASE=@RELEASE@ -Wall -W -pedantic -Wshadow -ansi -I/Users/jacob.morrison/Masters_Work/CIS_613/cis_613/Project/testing_in_c/cunit/CUnit-2.1-3/CUnit/Headers -std=c99  conftest.c >&5
configure:8607: $? = 0
configure:8607: result: yes
configure:8872: checking for objdir
configure:8889: result: .libs
configure:9151: checking if gcc supports -fno-rtti -fno-exceptions
configure:9170: gcc -c  -DRELEASE=@RELEASE@ -Wall -W -pedantic -Wshadow -ansi -I/Users/jacob.morrison/Masters_Work/CIS_613/cis_613/Project/testing_in_c/cunit/CUnit-2.1-3/CUnit/Headers -std=c99  -fno-rtti -fno-exceptions conftest.c >&5
configure:9174: $? = 0
configure:9188: result: yes
configure:9546: checking for gcc option to produce PIC
configure:9555: result: -fno-common -DPIC
configure:9563: checking if gcc PIC flag -fno-common -DPIC works
configure:9582: gcc -c  -DRELEASE=@RELEASE@ -Wall -W -pedantic -Wshadow -ansi -I/Users/jacob.morrison/Masters_Work/CIS_613/cis_613/Project/testing_in_c/cunit/CUnit-2.1-3/CUnit/Headers -std=c99  -fno-common -DPIC -DPIC conftest.c >&5
configure:9586: $? = 0
configure:9600: result: yes
configure:9629: checking if gcc static flag -static works
configure:9659: result: no
configure:9674: checking if gcc supports -c -o file.o
configure:9696: gcc -c  -DRELEASE=@RELEASE@ -Wall -W -pedantic -Wshadow -ansi -I/Users/jacob.morrison/Masters_Work/CIS_613/cis_613/Project/testing_in_c/cunit/CUnit-2.1-3/CUnit/Headers -std=c99  -o out/conftest2.o conftest.c >&5
configure:9700: $? = 0
configure:9723: result: yes
configure:9731: checking if gcc supports -c -o file.o
configure:9780: result: yes
configure:9813: checking whether the gcc linker (/Library/Developer/CommandLineTools/usr/bin/ld) supports shared libraries
configure:11086: result: yes
configure:11328: checking dynamic linker characteristics
configure:12150: result: darwin21.6.0 dyld
configure:12272: checking how to hardcode library paths into programs
configure:12297: result: immediate
configure:12897: checking whether stripping libraries is possible
configure:12914: result: yes
configure:12948: checking if libtool supports shared libraries
configure:12950: result: yes
configure:12953: checking whether to build shared libraries
configure:12978: result: yes
configure:12981: checking whether to build static libraries
configure:12985: result: yes
configure:13023: checking for main in -lc
configure:13043: gcc -o conftest  -DRELEASE=@RELEASE@ -Wall -W -pedantic -Wshadow -ansi -I/Users/jacob.morrison/Masters_Work/CIS_613/cis_613/Project/testing_in_c/cunit/CUnit-2.1-3/CUnit/Headers -std=c99   -L/Users/jacob.morrison/Masters_Work/CIS_613/cis_613/Project/testing_in_c/cunit/CUnit-2.1-3/CUnit/Sources conftest.c -lc   >&5
conftest.c:27:1: warning: all paths through this function will call itself [-Winfinite-recursion]
{
^
1 warning generated.
configure:13043: $? = 0
configure:13055: result: yes
configure:13189: checking for malloc
configure:13189: gcc -o conftest  -DRELEASE=@RELEASE@ -Wall -W -pedantic -Wshadow -ansi -I/Users/jacob.morrison/Masters_Work/CIS_613/cis_613/Project/testing_in_c/cunit/CUnit-2.1-3/CUnit/Headers -std=c99   -L/Users/jacob.morrison/Masters_Work/CIS_613/cis_613/Project/testing_in_c/cunit/CUnit-2.1-3/CUnit/Sources conftest.c -lc  >&5
conftest.c:40:6: warning: incompatible redeclaration of library function 'malloc' [-Wincompatible-library-redeclaration]
char malloc (void);
     ^
conftest.c:40:6: note: 'malloc' is a builtin with type 'void *(unsigned long)'
1 warning generated.
configure:13189: $? = 0
configure:13189: result: yes
configure:13198: checking for free
configure:13198: gcc -o conftest  -DRELEASE=@RELEASE@ -Wall -W -pedantic -Wshadow -ansi -I/Users/jacob.morrison/Masters_Work/CIS_613/cis_613/Project/testing_in_c/cunit/CUnit-2.1-3/CUnit/Headers -std=c99   -L/Users/jacob.morrison/Masters_Work/CIS_613/cis_613/Project/testing_in_c/cunit/CUnit-2.1-3/CUnit/Sources conftest.c -lc  >&5
conftest.c:40:6: warning: incompatible redeclaration of library function 'free' [-Wincompatible-library-redeclaration]
char free (void);
     ^
conftest.c:40:6: note: 'free' is a builtin with type 'void (void *)'
1 warning generated.
configure:13198: $? = 0
configure:13198: result: yes
configure:13207: checking for calloc
configure:13207: gcc -o conftest  -DRELEASE=@RELEASE@ -Wall -W -pedantic -Wshadow -ansi -I/Users/jacob.morrison/Masters_Work/CIS_613/cis_613/Project/testing_in_c/cunit/CUnit-2.1-3/CUnit/Headers -std=c99   -L/Users/jacob.morrison/Masters_Work/CIS_613/cis_613/Project/testing_in_c/cunit/CUnit-2.1-3/CUnit/Sources conftest.c -lc  >&5
conftest.c:40:6: warning: incompatible redeclaration of library function 'calloc' [-Wincompatible-library-redeclaration]
char calloc (void);
     ^
conftest.c:40:6: note: 'calloc' is a builtin with type 'void *(unsigned long, unsigned long)'
1 warning generated.
configure:13207: $? = 0
configure:13207: result: yes
configure:13216: checking for realloc
configure:13216: gcc -o conftest  -DRELEASE=@RELEASE@ -Wall -W -pedantic -Wshadow -ansi -I/Users/jacob.morrison/Masters_Work/CIS_613/cis_613/Project/testing_in_c/cunit/CUnit-2.1-3/CUnit/Headers -std=c99   -L/Users/jacob.morrison/Masters_Work/CIS_613/cis_613/Project/testing_in_c/cunit/CUnit-2.1-3/CUnit/Sources conftest.c -lc  >&5
conftest.c:40:6: warning: incompatible redeclaration of library function 'realloc' [-Wincompatible-library-redeclaration]
char realloc (void);
     ^
conftest.c:40:6: note: 'realloc' is a builtin with type 'void *(void *, unsigned long)'
1 warning generated.
configure:13216: $? = 0
configure:13216: result: yes
configure:13226: checking for strcpy
configure:13226: gcc -o conftest  -DRELEASE=@RELEASE@ -Wall -W -pedantic -Wshadow -ansi -I/Users/jacob.morrison/Masters_Work/CIS_613/cis_613/Project/testing_in_c/cunit/CUnit-2.1-3/CUnit/Headers -std=c99   -L/Users/jacob.morrison/Masters_Work/CIS_613/cis_613/Project/testing_in_c/cunit/CUnit-2.1-3/CUnit/Sources conftest.c -lc  >&5
conftest.c:40:6: warning: incompatible redeclaration of library function 'strcpy' [-Wincompatible-library-redeclaration]
char strcpy (void);
     ^
conftest.c:40:6: note: 'strcpy' is a builtin with type 'char *(char *, const char *)'
1 warning generated.
configure:13226: $? = 0
configure:13226: result: yes
configure:13235: checking for strerror
configure:13235: gcc -o conftest  -DRELEASE=@RELEASE@ -Wall -W -pedantic -Wshadow -ansi -I/Users/jacob.morrison/Masters_Work/CIS_613/cis_613/Project/testing_in_c/cunit/CUnit-2.1-3/CUnit/Headers -std=c99   -L/Users/jacob.morrison/Masters_Work/CIS_613/cis_613/Project/testing_in_c/cunit/CUnit-2.1-3/CUnit/Sources conftest.c -lc  >&5
conftest.c:40:6: warning: incompatible redeclaration of library function 'strerror' [-Wincompatible-library-redeclaration]
char strerror (void);
     ^
conftest.c:40:6: note: 'strerror' is a builtin with type 'char *(int)'
1 warning generated.
configure:13235: $? = 0
configure:13235: result: yes
configure:13245: checking for fopen
configure:13245: gcc -o conftest  -DRELEASE=@RELEASE@ -Wall -W -pedantic -Wshadow -ansi -I/Users/jacob.morrison/Masters_Work/CIS_613/cis_613/Project/testing_in_c/cunit/CUnit-2.1-3/CUnit/Headers -std=c99   -L/Users/jacob.morrison/Masters_Work/CIS_613/cis_613/Project/testing_in_c/cunit/CUnit-2.1-3/CUnit/Sources conftest.c -lc  >&5
conftest.c:40:6: warning: declaration of built-in function 'fopen' requires inclusion of the header <stdio.h> [-Wbuiltin-requires-header]
char fopen (void);
     ^
1 warning generated.
configure:13245: $? = 0
configure:13245: result: yes
configure:13254: checking for fclose
configure:13254: gcc -o conftest  -DRELEASE=@RELEASE@ -Wall -W -pedantic -Wshadow -ansi -I/Users/jacob.morrison/Masters_Work/CIS_613/cis_613/Project/testing_in_c/cunit/CUnit-2.1-3/CUnit/Headers -std=c99   -L/Users/jacob.morrison/Masters_Work/CIS_613/cis_613/Project/testing_in_c/cunit/CUnit-2.1-3/CUnit/Sources conftest.c -lc  >&5
configure:13254: $? = 0
configure:13254: result: yes
configure:13263: checking for fprintf
configure:13263: gcc -o conftest  -DRELEASE=@RELEASE@ -Wall -W -pedantic -Wshadow -ansi -I/Users/jacob.morrison/Masters_Work/CIS_613/cis_613/Project/testing_in_c/cunit/CUnit-2.1-3/CUnit/Headers -std=c99   -L/Users/jacob.morrison/Masters_Work/CIS_613/cis_613/Project/testing_in_c/cunit/CUnit-2.1-3/CUnit/Sources conftest.c -lc  >&5
conftest.c:40:6: warning: declaration of built-in function 'fprintf' requires inclusion of the header <stdio.h> [-Wbuiltin-requires-header]
char fprintf (void);
     ^
1 warning generated.
configure:13263: $? = 0
configure:13263: result: yes
configure:13272: checking for snprintf
configure:13272: gcc -o conftest  -DRELEASE=@RELEASE@ -Wall -W -pedantic -Wshadow -ansi -I/Users/jacob.morrison/Masters_Work/CIS_613/cis_613/Project/testing_in_c/cunit/CUnit-2.1-3/CUnit/Headers -std=c99   -L/Users/jacob.morrison/Masters_Work/CIS_613/cis_613/Project/testing_in_c/cunit/CUnit-2.1-3/CUnit/Sources conftest.c -lc  >&5
conftest.c:40:6: warning: incompatible redeclaration of library function 'snprintf' [-Wincompatible-library-redeclaration]
char snprintf (void);
     ^
conftest.c:40:6: note: 'snprintf' is a builtin with type 'int (char *, unsigned long, const char *, ...)'
1 warning generated.
configure:13272: $? = 0
configure:13272: result: yes
configure:13281: checking for setvbuf
configure:13281: gcc -o conftest  -DRELEASE=@RELEASE@ -Wall -W -pedantic -Wshadow -ansi -I/Users/jacob.morrison/Masters_Work/CIS_613/cis_613/Project/testing_in_c/cunit/CUnit-2.1-3/CUnit/Headers -std=c99   -L/Users/jacob.morrison/Masters_Work/CIS_613/cis_613/Project/testing_in_c/cunit/CUnit-2.1-3/CUnit/Sources conftest.c -lc  >&5
configure:13281: $? = 0
configure:13281: result: yes
configure:13291: checking for time
configure:13291: gcc -o conftest  -DRELEASE=@RELEASE@ -Wall -W -pedantic -Wshadow -ansi -I/Users/jacob.morrison/Masters_Work/CIS_613/cis_613/Project/testing_in_c/cunit/CUnit-2.1-3/CUnit/Headers -std=c99   -L/Users/jacob.morrison/Masters_Work/CIS_613/cis_613/Project/testing_in_c/cunit/CUnit-2.1-3/CUnit/Sources conftest.c -lc  >&5
configure:13291: $? = 0
configure:13291: result: yes
configure:13300: checking for ctime
configure:13300: gcc -o conftest  -DRELEASE=@RELEASE@ -Wall -W -pedantic -Wshadow -ansi -I/Users/jacob.morrison/Masters_Work/CIS_613/cis_613/Project/testing_in_c/cunit/CUnit-2.1-3/CUnit/Headers -std=c99   -L/Users/jacob.morrison/Masters_Work/CIS_613/cis_613/Project/testing_in_c/cunit/CUnit-2.1-3/CUnit/Sources conftest.c -lc  >&5
configure:13300: $? = 0
configure:13300: result: yes
configure:13313: checking for egrep
configure:13383: result: /usr/bin/grep -E
configure:13391: checking for assert.h
configure:13391: gcc -c  -DRELEASE=@RELEASE@ -Wall -W -pedantic -Wshadow -ansi -I/Users/jacob.morrison/Masters_Work/CIS_613/cis_613/Project/testing_in_c/cunit/CUnit-2.1-3/CUnit/Headers -std=c99  conftest.c >&5
configure:13391: $? = 0
configure:13391: result: yes
configure:13398: checking for ctype.h
configure:13398: gcc -c  -DRELEASE=@RELEASE@ -Wall -W -pedantic -Wshadow -ansi -I/Users/jacob.morrison/Masters_Work/CIS_613/cis_613/Project/testing_in_c/cunit/CUnit-2.1-3/CUnit/Headers -std=c99  conftest.c >&5
configure:13398: $? = 0
configure:13398: result: yes
configure:13405: checking for math.h
configure:13405: gcc -c  -DRELEASE=@RELEASE@ -Wall -W -pedantic -Wshadow -ansi -I/Users/jacob.morrison/Masters_Work/CIS_613/cis_613/Project/testing_in_c/cunit/CUnit-2.1-3/CUnit/Headers -std=c99  conftest.c >&5
configure:13405: $? = 0
configure:13405: result: yes
configure:13412: checking for file.h
configure:13412: gcc -c  -DRELEASE=@RELEASE@ -Wall -W -pedantic -Wshadow -ansi -I/Users/jacob.morrison/Masters_Work/CIS_613/cis_613/Project/testing_in_c/cunit/CUnit-2.1-3/CUnit/Headers -std=c99  conftest.c >&5
conftest.c:55:10: fatal error: 'file.h' file not found
#include <file.h>
         ^~~~~~~~
1 error generated.
configure:13412: $? = 1
configure: failed program was:
| /* confdefs.h */
| #define PACKAGE_NAME "CUnit"
| #define PACKAGE_TARNAME "cunit"
| #define PACKAGE_VERSION "2.1-3"
| #define PACKAGE_STRING "CUnit 2.1-3"
| #define PACKAGE_BUGREPORT ""
| #define PACKAGE_URL ""
| #define PACKAGE "CUnit"
| #define VERSION "2.1-3"
| #define HAVE_STDIO_H 1
| #define HAVE_STDLIB_H 1
| #define HAVE_STRING_H 1
| #define HAVE_INTTYPES_H 1
| #define HAVE_STDINT_H 1
| #define HAVE_STRINGS_H 1
| #define HAVE_SYS_STAT_H 1
| #define HAVE_SYS_TYPES_H 1
| #define HAVE_UNISTD_H 1
| #define STDC_HEADERS 1
| #define HAVE_DLFCN_H 1
| #define LT_OBJDIR ".libs/"
| #define HAVE_LIBC 1
| #define HAVE_ASSERT_H 1
| #define HAVE_CTYPE_H 1
| #define HAVE_MATH_H 1
| /* end confdefs.h.  */
| #include <stddef.h>
| #ifdef HAVE_STDIO_H
| # include <stdio.h>
| #endif
| #ifdef HAVE_STDLIB_H
| # include <stdlib.h>
| #endif
| #ifdef HAVE_STRING_H
| # include <string.h>
| #endif
| #ifdef HAVE_INTTYPES_H
| # include <inttypes.h>
| #endif
| #ifdef HAVE_STDINT_H
| # include <stdint.h>
| #endif
| #ifdef HAVE_STRINGS_H
| # include <strings.h>
| #endif
| #ifdef HAVE_SYS_TYPES_H
| # include <sys/types.h>
| #endif
| #ifdef HAVE_SYS_STAT_H
| # include <sys/stat.h>
| #endif
| #ifdef HAVE_UNISTD_H
| # include <unistd.h>
| #endif
| #include <file.h>
configure:13412: result: no
configure:13419: checking for stdio.h
configure:13419: result: yes
configure:13426: checking for stdlib.h
configure:13426: result: yes
configure:13433: checking for string.h
configure:13433: result: yes
configure:13444: checking for an ANSI C-conforming const
configure:13511: gcc -c  -DRELEASE=@RELEASE@ -Wall -W -pedantic -Wshadow -ansi -I/Users/jacob.morrison/Masters_Work/CIS_613/cis_613/Project/testing_in_c/cunit/CUnit-2.1-3/CUnit/Headers -std=c99  conftest.c >&5
configure:13511: $? = 0
configure:13521: result: yes
configure:13665: checking that generated files are newer than configure
configure:13671: result: done
configure:13718: creating ./config.status

## ---------------------- ##
## Running config.status. ##
## ---------------------- ##

This file was extended by CUnit config.status 2.1-3, which was
generated by GNU Autoconf 2.72.  Invocation command line was

  CONFIG_FILES    = 
  CONFIG_HEADERS  = 
  CONFIG_LINKS    = 
  CONFIG_COMMANDS = 
  $ ./config.status 

on C02CF4ZDMD6R

config.status:1143: creating Jamrules
config.status:1143: creating Makefile
config.status:1143: creating CUnit.spec
config.status:1143: creating cunit.pc
config.status:1143: creating CUnit/Makefile
config.status:1143: creating CUnit/Headers/Makefile
config.status:1143: creating CUnit/Headers/CUnit.h
config.status:1143: creating CUnit/Sources/Makefile
config.status:1143: creating CUnit/Sources/Framework/Makefile
config.status:1143: creating CUnit/Sources/Automated/Makefile
config.status:1143: creating CUnit/Sources/Basic/Makefile
config.status:1143: creating CUnit/Sources/Console/Makefile
config.status:1143: creating CUnit/Sources/Curses/Makefile
config.status:1143: creating CUnit/Sources/Test/Makefile
config.status:1143: creating doc/Makefile
config.status:1143: creating doc/headers/Makefile
config.status:1143: creating Examples/Makefile
config.status:1143: creating Examples/AutomatedTest/Makefile
config.status:1143: creating Examples/BasicTest/Makefile
config.status:1143: creating Examples/ConsoleTest/Makefile
config.status:1143: creating Examples/CursesTest/Makefile
config.status:1143: creating Man/Makefile
config.status:1143: creating Man/man3/Makefile
config.status:1143: creating Share/Makefile
config.status:1143: creating config.h
config.status:1372: executing depfiles commands
config.status:1449: cd CUnit/Sources/Framework       && sed -e '/# am--include-marker/d' Makefile         | make -f - am--depfiles
make: Nothing to be done for `am--depfiles'.
config.status:1454: $? = 0
config.status:1449: cd CUnit/Sources/Automated       && sed -e '/# am--include-marker/d' Makefile         | make -f - am--depfiles
make: Nothing to be done for `am--depfiles'.
config.status:1454: $? = 0
config.status:1449: cd CUnit/Sources/Basic       && sed -e '/# am--include-marker/d' Makefile         | make -f - am--depfiles
make: Nothing to be done for `am--depfiles'.
config.status:1454: $? = 0
config.status:1449: cd CUnit/Sources/Console       && sed -e '/# am--include-marker/d' Makefile         | make -f - am--depfiles
make: Nothing to be done for `am--depfiles'.
config.status:1454: $? = 0
config.status:1449: cd CUnit/Sources/Curses       && sed -e '/# am--include-marker/d' Makefile         | make -f - am--depfiles
make: Nothing to be done for `am--depfiles'.
config.status:1454: $? = 0
config.status:1449: cd CUnit/Sources/Test       && sed -e '/# am--include-marker/d' Makefile         | make -f - am--depfiles
make: Nothing to be done for `am--depfiles'.
config.status:1454: $? = 0
config.status:1449: cd Examples       && sed -e '/# am--include-marker/d' Makefile         | make -f - am--depfiles
make: Nothing to be done for `am--depfiles'.
config.status:1454: $? = 0
config.status:1449: cd Examples/AutomatedTest       && sed -e '/# am--include-marker/d' Makefile         | make -f - am--depfiles
make: Nothing to be done for `am--depfiles'.
config.status:1454: $? = 0
config.status:1449: cd Examples/BasicTest       && sed -e '/# am--include-marker/d' Makefile         | make -f - am--depfiles
make: Nothing to be done for `am--depfiles'.
config.status:1454: $? = 0
config.status:1449: cd Examples/ConsoleTest       && sed -e '/# am--include-marker/d' Makefile         | make -f - am--depfiles
make: Nothing to be done for `am--depfiles'.
config.status:1454: $? = 0
config.status:1449: cd Examples/CursesTest       && sed -e '/# am--include-marker/d' Makefile         | make -f - am--depfiles
make: Nothing to be done for `am--depfiles'.
config.status:1454: $? = 0
config.status:1372: executing libtool commands

## ---------------- ##
## Cache variables. ##
## ---------------- ##

ac_cv_build=x86_64-apple-darwin21.6.0
ac_cv_c_compiler_gnu=yes
ac_cv_c_const=yes
ac_cv_env_CC_set=
ac_cv_env_CC_value=
ac_cv_env_CFLAGS_set=
ac_cv_env_CFLAGS_value=
ac_cv_env_CPPFLAGS_set=
ac_cv_env_CPPFLAGS_value=
ac_cv_env_LDFLAGS_set=
ac_cv_env_LDFLAGS_value=
ac_cv_env_LIBS_set=
ac_cv_env_LIBS_value=
ac_cv_env_LT_SYS_LIBRARY_PATH_set=
ac_cv_env_LT_SYS_LIBRARY_PATH_value=
ac_cv_env_build_alias_set=
ac_cv_env_build_alias_value=
ac_cv_env_host_alias_set=
ac_cv_env_host_alias_value=
ac_cv_env_target_alias_set=
ac_cv_env_target_alias_value=
ac_cv_func_calloc=yes
ac_cv_func_ctime=yes
ac_cv_func_fclose=yes
ac_cv_func_fopen=yes
ac_cv_func_fprintf=yes
ac_cv_func_free=yes
ac_cv_func_malloc=yes
ac_cv_func_realloc=yes
ac_cv_func_setvbuf=yes
ac_cv_func_snprintf=yes
ac_cv_func_strcpy=yes
ac_cv_func_strerror=yes
ac_cv_func_time=yes
ac_cv_header_assert_h=yes
ac_cv_header_ctype_h=yes
ac_cv_header_dlfcn_h=yes
ac_cv_header_file_h=no
ac_cv_header_inttypes_h=yes
ac_cv_header_math_h=yes
ac_cv_header_stdint_h=yes
ac_cv_header_stdio_h=yes
ac_cv_header_stdlib_h=yes
ac_cv_header_string_h=yes
ac_cv_header_strings_h=yes
ac_cv_header_sys_stat_h=yes
ac_cv_header_sys_types_h=yes
ac_cv_header_unistd_h=yes
ac_cv_host=x86_64-apple-darwin21.6.0
ac_cv_lib_c_main=yes
ac_cv_objext=o
ac_cv_path_EGREP='/usr/bin/grep -E'
ac_cv_path_EGREP_TRADITIONAL='/usr/bin/grep -E'
ac_cv_path_FGREP='/usr/bin/grep -F'
ac_cv_path_GREP=/usr/bin/grep
ac_cv_path_SED=/usr/bin/sed
ac_cv_path_install='/usr/bin/install -c'
ac_cv_path_lt_DD=/bin/dd
ac_cv_prog_AWK=awk
ac_cv_prog_ac_ct_AR=ar
ac_cv_prog_ac_ct_CC=gcc
ac_cv_prog_ac_ct_DSYMUTIL=dsymutil
ac_cv_prog_ac_ct_FILECMD=file
ac_cv_prog_ac_ct_LIPO=lipo
ac_cv_prog_ac_ct_NMEDIT=nmedit
ac_cv_prog_ac_ct_OBJDUMP=objdump
ac_cv_prog_ac_ct_OTOOL=otool
ac_cv_prog_ac_ct_RANLIB=ranlib
ac_cv_prog_ac_ct_STRIP=strip
ac_cv_prog_cc_c11=no
ac_cv_prog_cc_c99=
ac_cv_prog_cc_g=yes
ac_cv_prog_cc_stdc=
ac_cv_prog_make_make_set=yes
am_cv_CC_dependencies_compiler_type=gcc3
am_cv_make_support_nested_variables=yes
am_cv_prog_cc_c_o=yes
lt_cv_apple_cc_single_mod=yes
lt_cv_ar_at_file=no
lt_cv_deplibs_check_method=pass_all
lt_cv_file_magic_cmd='$MAGIC_CMD'
lt_cv_file_magic_test_file=
lt_cv_ld_exported_symbols_list=yes
lt_cv_ld_force_load=yes
lt_cv_ld_reload_flag=-r
lt_cv_nm_interface='BSD nm'
lt_cv_objdir=.libs
lt_cv_path_LD=/Library/Developer/CommandLineTools/usr/bin/ld
lt_cv_path_NM='/usr/bin/nm -B'
lt_cv_path_mainfest_tool=no
lt_cv_prog_compiler_c_o=yes
lt_cv_prog_compiler_pic='-fno-common -DPIC'
lt_cv_prog_compiler_pic_works=yes
lt_cv_prog_compiler_rtti_exceptions=yes
lt_cv_prog_compiler_static_works=no
lt_cv_prog_gnu_ld=no
lt_cv_sharedlib_from_linklib_cmd='printf %s\n'
lt_cv_sys_global_symbol_pipe='/usr/bin/sed -n -e '\''s/^.*[	 ]\([ABCDGIRSTW][ABCDGIRSTW]*\)[	 ][	 ]*_\([_A-Za-z][_A-Za-z0-9]*\)$/\1 _\2 \2/p'\'' | /usr/bin/sed '\''/ __gnu_lto/d'\'''
lt_cv_sys_global_symbol_to_c_name_address='/usr/bin/sed -n -e '\''s/^: \(.*\) .*$/  {"\1", (void *) 0},/p'\'' -e '\''s/^[ABCDGIRSTW][ABCDGIRSTW]* .* \(.*\)$/  {"\1", (void *) \&\1},/p'\'''
lt_cv_sys_global_symbol_to_c_name_address_lib_prefix='/usr/bin/sed -n -e '\''s/^: \(.*\) .*$/  {"\1", (void *) 0},/p'\'' -e '\''s/^[ABCDGIRSTW][ABCDGIRSTW]* .* \(lib.*\)$/  {"\1", (void *) \&\1},/p'\'' -e '\''s/^[ABCDGIRSTW][ABCDGIRSTW]* .* \(.*\)$/  {"lib\1", (void *) \&\1},/p'\'''
lt_cv_sys_global_symbol_to_cdecl='/usr/bin/sed -n -e '\''s/^T .* \(.*\)$/extern int \1();/p'\'' -e '\''s/^[ABCDGIRSTW][ABCDGIRSTW]* .* \(.*\)$/extern char \1;/p'\'''
lt_cv_sys_global_symbol_to_import=
lt_cv_sys_max_cmd_len=786432
lt_cv_to_host_file_cmd=func_convert_file_noop
lt_cv_to_tool_file_cmd=func_convert_file_noop
lt_cv_truncate_bin='/bin/dd bs=4096 count=1'

## ----------------- ##
## Output variables. ##
## ----------------- ##

ACLOCAL='${SHELL} '\''/Users/jacob.morrison/Masters_Work/CIS_613/cis_613/Project/testing_in_c/cunit/CUnit-2.1-3/missing'\'' aclocal-1.16'
AMDEPBACKSLASH='\'
AMDEP_FALSE='#'
AMDEP_TRUE=''
AMTAR='$${TAR-tar}'
AM_BACKSLASH='\'
AM_DEFAULT_V='$(AM_DEFAULT_VERBOSITY)'
AM_DEFAULT_VERBOSITY='1'
AM_V='$(V)'
AR='ar'
AUTOCONF='${SHELL} '\''/Users/jacob.morrison/Masters_Work/CIS_613/cis_613/Project/testing_in_c/cunit/CUnit-2.1-3/missing'\'' autoconf'
AUTOHEADER='${SHELL} '\''/Users/jacob.morrison/Masters_Work/CIS_613/cis_613/Project/testing_in_c/cunit/CUnit-2.1-3/missing'\'' autoheader'
AUTOMAKE='${SHELL} '\''/Users/jacob.morrison/Masters_Work/CIS_613/cis_613/Project/testing_in_c/cunit/CUnit-2.1-3/missing'\'' automake-1.16'
AWK='awk'
BUILD_AUTOMATED='TRUE'
BUILD_BASIC='TRUE'
BUILD_CONSOLE='TRUE'
BUILD_CURSES='FALSE'
BUILD_EXAMPLES='FALSE'
BUILD_TEST='FALSE'
CC='gcc'
CCDEPMODE='depmode=gcc3'
CFLAGS=' -DRELEASE=@RELEASE@ -Wall -W -pedantic -Wshadow -ansi -I/Users/jacob.morrison/Masters_Work/CIS_613/cis_613/Project/testing_in_c/cunit/CUnit-2.1-3/CUnit/Headers -std=c99'
CPPFLAGS=''
CSCOPE='cscope'
CTAGS='ctags'
CURSES_LIB=''
CYGPATH_W='echo'
DEFS='-DHAVE_CONFIG_H'
DEPDIR='.deps'
DLLTOOL='false'
DSYMUTIL='dsymutil'
DUMPBIN=''
ECHO_C='\c'
ECHO_N=''
ECHO_T=''
EGREP='/usr/bin/grep -E'
ENABLE_AUTOMATED_FALSE='#'
ENABLE_AUTOMATED_TRUE=''
ENABLE_BASIC_FALSE='#'
ENABLE_BASIC_TRUE=''
ENABLE_CONSOLE_FALSE='#'
ENABLE_CONSOLE_TRUE=''
ENABLE_CURSES_FALSE=''
ENABLE_CURSES_TRUE='#'
ENABLE_DEBUG='FALSE'
ENABLE_DEPRECATED='FALSE'
ENABLE_EXAMPLES_FALSE=''
ENABLE_EXAMPLES_TRUE='#'
ENABLE_MEMTRACE='FALSE'
ENABLE_TEST_FALSE=''
ENABLE_TEST_TRUE='#'
ETAGS='etags'
EXEEXT=''
FGREP='/usr/bin/grep -F'
FILECMD='file'
GREP='/usr/bin/grep'
INSTALL_DATA='${INSTALL} -m 644'
INSTALL_PROGRAM='${INSTALL}'
INSTALL_SCRIPT='${INSTALL}'
INSTALL_STRIP_PROGRAM='$(install_sh) -c -s'
LD='/Library/Developer/CommandLineTools/usr/bin/ld'
LDFLAGS=' -L/Users/jacob.morrison/Masters_Work/CIS_613/cis_613/Project/testing_in_c/cunit/CUnit-2.1-3/CUnit/Sources'
LIBOBJS=''
LIBS='-lc '
LIBTOOL='$(SHELL) $(top_builddir)/libtool'
LIBTOOL_AGE='0'
LIBTOOL_CURRENT='1'
LIBTOOL_REVISION='1'
LIBTOOL_SUFFIX1='1'
LIBTOOL_SUFFIX='1.0.1'
LIPO='lipo'
LN_S='ln -s'
LTLIBOBJS=''
LT_SYS_LIBRARY_PATH=''
MAKEINFO='${SHELL} '\''/Users/jacob.morrison/Masters_Work/CIS_613/cis_613/Project/testing_in_c/cunit/CUnit-2.1-3/missing'\'' makeinfo'
MANIFEST_TOOL=':'
MKDIR_P='mkdir -p'
NM='/usr/bin/nm -B'
NMEDIT='nmedit'
OBJDUMP='objdump'
OBJEXT='o'
OTOOL64=':'
OTOOL='otool'
PACKAGE='CUnit'
PACKAGE_BUGREPORT=''
PACKAGE_NAME='CUnit'
PACKAGE_STRING='CUnit 2.1-3'
PACKAGE_TARNAME='cunit'
PACKAGE_URL=''
PACKAGE_VERSION='2.1-3'
PATH_SEPARATOR=':'
RANLIB='ranlib'
RELEASE='3'
SED='/usr/bin/sed'
SET_MAKE=''
SHELL='/bin/sh'
STRIP='strip'
VERSION='2.1'
VERSION_MAJOR='2'
VERSION_MINOR='1'
ac_ct_AR='ar'
ac_ct_CC='gcc'
ac_ct_DUMPBIN=''
am__EXEEXT_FALSE=''
am__EXEEXT_TRUE='#'
am__fastdepCC_FALSE='#'
am__fastdepCC_TRUE=''
am__include='include'
am__isrc=''
am__leading_dot='.'
am__nodep='_no'
am__quote=''
am__tar='$${TAR-tar} chof - "$$tardir"'
am__untar='$${TAR-tar} xf -'
bindir='${exec_prefix}/bin'
build='x86_64-apple-darwin21.6.0'
build_alias=''
build_cpu='x86_64'
build_os='darwin21.6.0'
build_vendor='apple'
datadir='${datarootdir}'
datarootdir='${prefix}/share'
docdir='${datarootdir}/doc/${PACKAGE_TARNAME}'
dvidir='${docdir}'
exec_prefix='${prefix}'
host='x86_64-apple-darwin21.6.0'
host_alias=''
host_cpu='x86_64'
host_os='darwin21.6.0'
host_vendor='apple'
htmldir='${docdir}'
includedir='${prefix}/include'
infodir='${datarootdir}/info'
install_sh='${SHELL} /Users/jacob.morrison/Masters_Work/CIS_613/cis_613/Project/testing_in_c/cunit/CUnit-2.1-3/install-sh'
libdir='${exec_prefix}/lib'
libexecdir='${exec_prefix}/libexec'
localedir='${datarootdir}/locale'
localstatedir='${prefix}/var'
mandir='${datarootdir}/man'
mkdir_p='$(MKDIR_P)'
oldincludedir='/usr/include'
pdfdir='${docdir}'
prefix='/Users/jacob.morrison/Masters_Work/CIS_613/cis_613/Project/testing_in_c/cunit/CUnit-2.1-3'
program_transform_name='s,x,x,'
psdir='${docdir}'
runstatedir='${localstatedir}/run'
sbindir='${exec_prefix}/sbin'
sharedstatedir='${prefix}/com'
sysconfdir='${prefix}/etc'
target_alias=''

## ----------- ##
## confdefs.h. ##
## ----------- ##

/* confdefs.h */
#define PACKAGE_NAME "CUnit"
#define PACKAGE_TARNAME "cunit"
#define PACKAGE_VERSION "2.1-3"
#define PACKAGE_STRING "CUnit 2.1-3"
#define PACKAGE_BUGREPORT ""
#define PACKAGE_URL ""
#define PACKAGE "CUnit"
#define VERSION "2.1-3"
#define HAVE_STDIO_H 1
#define HAVE_STDLIB_H 1
#define HAVE_STRING_H 1
#define HAVE_INTTYPES_H 1
#define HAVE_STDINT_H 1
#define HAVE_STRINGS_H 1
#define HAVE_SYS_STAT_H 1
#define HAVE_SYS_TYPES_H 1
#define HAVE_UNISTD_H 1
#define STDC_HEADERS 1
#define HAVE_DLFCN_H 1
#define LT_OBJDIR ".libs/"
#define HAVE_LIBC 1
#define HAVE_ASSERT_H 1
#define HAVE_CTYPE_H 1
#define HAVE_MATH_H 1
#define HAVE_STDIO_H 1
#define HAVE_STDLIB_H 1
#define HAVE_STRING_H 1

configure: exit 0
